events.js:292
      throw er; // Unhandled 'error' event
      ^

Error: listen EADDRINUSE: address already in use :::4001
    at Server.setupListenHandle [as _listen2] (net.js:1313:16)
    at listenInCluster (net.js:1361:12)
    at Server.listen (net.js:1447:7)
    at Function.listen (/opt/workroom/gitconvex-package/node_modules/express/lib/application.js:618:24)
    at Object.<anonymous> (/opt/workroom/gitconvex-package/serve.js:12:5)
    at Module._compile (internal/modules/cjs/loader.js:1118:30)
    at Object.Module._extensions..js (internal/modules/cjs/loader.js:1138:10)
    at Module.load (internal/modules/cjs/loader.js:982:32)
    at Function.Module._load (internal/modules/cjs/loader.js:875:14)
    at Function.executeUserEntryPoint [as runMain] (internal/modules/run_main.js:71:12)
Emitted 'error' event on Server instance at:
    at emitErrorNT (net.js:1340:8)
    at processTicksAndRejections (internal/process/task_queues.js:84:21) {
  code: 'EADDRINUSE',
  errno: -98,
  syscall: 'listen',
  address: '::',
  port: 4001
}
